2020-02-04 11:10:32.778  INFO 5924 --- [main] c.b.fundoonotes.FundoonotesApplication   : Starting FundoonotesApplication on bridgelabz-Lenovo-Product with PID 5924 (/home/bridgelabz/Documents/workspace-spring-tool-suite-4-4.5.0.RELEASE/fundoonotes/target/classes started by bridgelabz in /home/bridgelabz/Documents/workspace-spring-tool-suite-4-4.5.0.RELEASE/fundoonotes)
2020-02-04 11:10:32.781  INFO 5924 --- [main] c.b.fundoonotes.FundoonotesApplication   : No active profile set, falling back to default profiles: default
2020-02-04 11:10:33.417  INFO 5924 --- [main] .s.d.r.c.RepositoryConfigurationDelegate : Multiple Spring Data modules found, entering strict repository configuration mode!
2020-02-04 11:10:33.418  INFO 5924 --- [main] .s.d.r.c.RepositoryConfigurationDelegate : Bootstrapping Spring Data Elasticsearch repositories in DEFAULT mode.
2020-02-04 11:10:33.451  INFO 5924 --- [main] .RepositoryConfigurationExtensionSupport : Spring Data Elasticsearch - Could not safely identify store assignment for repository candidate interface com.bridgelabz.fundoonotes.repository.CollaboratorRepository. If you want this repository to be a Elasticsearch repository, consider annotating your entities with one of these annotations: org.springframework.data.elasticsearch.annotations.Document (preferred), or consider extending one of the following types with your repository: org.springframework.data.elasticsearch.repository.ElasticsearchRepository, org.springframework.data.elasticsearch.repository.ElasticsearchCrudRepository.
2020-02-04 11:10:33.453  INFO 5924 --- [main] .RepositoryConfigurationExtensionSupport : Spring Data Elasticsearch - Could not safely identify store assignment for repository candidate interface com.bridgelabz.fundoonotes.repository.LabelRepository. If you want this repository to be a Elasticsearch repository, consider annotating your entities with one of these annotations: org.springframework.data.elasticsearch.annotations.Document (preferred), or consider extending one of the following types with your repository: org.springframework.data.elasticsearch.repository.ElasticsearchRepository, org.springframework.data.elasticsearch.repository.ElasticsearchCrudRepository.
2020-02-04 11:10:33.455  INFO 5924 --- [main] .RepositoryConfigurationExtensionSupport : Spring Data Elasticsearch - Could not safely identify store assignment for repository candidate interface com.bridgelabz.fundoonotes.repository.LoginRepository. If you want this repository to be a Elasticsearch repository, consider annotating your entities with one of these annotations: org.springframework.data.elasticsearch.annotations.Document (preferred), or consider extending one of the following types with your repository: org.springframework.data.elasticsearch.repository.ElasticsearchRepository, org.springframework.data.elasticsearch.repository.ElasticsearchCrudRepository.
2020-02-04 11:10:33.456  INFO 5924 --- [main] .RepositoryConfigurationExtensionSupport : Spring Data Elasticsearch - Could not safely identify store assignment for repository candidate interface com.bridgelabz.fundoonotes.repository.NoteRepository. If you want this repository to be a Elasticsearch repository, consider annotating your entities with one of these annotations: org.springframework.data.elasticsearch.annotations.Document (preferred), or consider extending one of the following types with your repository: org.springframework.data.elasticsearch.repository.ElasticsearchRepository, org.springframework.data.elasticsearch.repository.ElasticsearchCrudRepository.
2020-02-04 11:10:33.457  INFO 5924 --- [main] .RepositoryConfigurationExtensionSupport : Spring Data Elasticsearch - Could not safely identify store assignment for repository candidate interface com.bridgelabz.fundoonotes.repository.UserRepository. If you want this repository to be a Elasticsearch repository, consider annotating your entities with one of these annotations: org.springframework.data.elasticsearch.annotations.Document (preferred), or consider extending one of the following types with your repository: org.springframework.data.elasticsearch.repository.ElasticsearchRepository, org.springframework.data.elasticsearch.repository.ElasticsearchCrudRepository.
2020-02-04 11:10:33.458  INFO 5924 --- [main] .s.d.r.c.RepositoryConfigurationDelegate : Finished Spring Data repository scanning in 37ms. Found 0 Elasticsearch repository interfaces.
2020-02-04 11:10:33.462  INFO 5924 --- [main] .s.d.r.c.RepositoryConfigurationDelegate : Multiple Spring Data modules found, entering strict repository configuration mode!
2020-02-04 11:10:33.462  INFO 5924 --- [main] .s.d.r.c.RepositoryConfigurationDelegate : Bootstrapping Spring Data Reactive Elasticsearch repositories in DEFAULT mode.
2020-02-04 11:10:33.467  INFO 5924 --- [main] .RepositoryConfigurationExtensionSupport : Spring Data Reactive Elasticsearch - Could not safely identify store assignment for repository candidate interface com.bridgelabz.fundoonotes.repository.CollaboratorRepository. If you want this repository to be a Reactive Elasticsearch repository, consider annotating your entities with one of these annotations: org.springframework.data.elasticsearch.annotations.Document (preferred), or consider extending one of the following types with your repository: org.springframework.data.elasticsearch.repository.ReactiveElasticsearchRepository.
2020-02-04 11:10:33.468  INFO 5924 --- [main] .RepositoryConfigurationExtensionSupport : Spring Data Reactive Elasticsearch - Could not safely identify store assignment for repository candidate interface com.bridgelabz.fundoonotes.repository.LabelRepository. If you want this repository to be a Reactive Elasticsearch repository, consider annotating your entities with one of these annotations: org.springframework.data.elasticsearch.annotations.Document (preferred), or consider extending one of the following types with your repository: org.springframework.data.elasticsearch.repository.ReactiveElasticsearchRepository.
2020-02-04 11:10:33.469  INFO 5924 --- [main] .RepositoryConfigurationExtensionSupport : Spring Data Reactive Elasticsearch - Could not safely identify store assignment for repository candidate interface com.bridgelabz.fundoonotes.repository.LoginRepository. If you want this repository to be a Reactive Elasticsearch repository, consider annotating your entities with one of these annotations: org.springframework.data.elasticsearch.annotations.Document (preferred), or consider extending one of the following types with your repository: org.springframework.data.elasticsearch.repository.ReactiveElasticsearchRepository.
2020-02-04 11:10:33.470  INFO 5924 --- [main] .RepositoryConfigurationExtensionSupport : Spring Data Reactive Elasticsearch - Could not safely identify store assignment for repository candidate interface com.bridgelabz.fundoonotes.repository.NoteRepository. If you want this repository to be a Reactive Elasticsearch repository, consider annotating your entities with one of these annotations: org.springframework.data.elasticsearch.annotations.Document (preferred), or consider extending one of the following types with your repository: org.springframework.data.elasticsearch.repository.ReactiveElasticsearchRepository.
2020-02-04 11:10:33.470  INFO 5924 --- [main] .RepositoryConfigurationExtensionSupport : Spring Data Reactive Elasticsearch - Could not safely identify store assignment for repository candidate interface com.bridgelabz.fundoonotes.repository.UserRepository. If you want this repository to be a Reactive Elasticsearch repository, consider annotating your entities with one of these annotations: org.springframework.data.elasticsearch.annotations.Document (preferred), or consider extending one of the following types with your repository: org.springframework.data.elasticsearch.repository.ReactiveElasticsearchRepository.
2020-02-04 11:10:33.470  INFO 5924 --- [main] .s.d.r.c.RepositoryConfigurationDelegate : Finished Spring Data repository scanning in 8ms. Found 0 Reactive Elasticsearch repository interfaces.
2020-02-04 11:10:33.478  INFO 5924 --- [main] .s.d.r.c.RepositoryConfigurationDelegate : Multiple Spring Data modules found, entering strict repository configuration mode!
2020-02-04 11:10:33.479  INFO 5924 --- [main] .s.d.r.c.RepositoryConfigurationDelegate : Bootstrapping Spring Data JPA repositories in DEFAULT mode.
2020-02-04 11:10:33.520  INFO 5924 --- [main] .s.d.r.c.RepositoryConfigurationDelegate : Finished Spring Data repository scanning in 37ms. Found 5 JPA repository interfaces.
2020-02-04 11:10:33.804  INFO 5924 --- [main] trationDelegate$BeanPostProcessorChecker : Bean 'org.springframework.transaction.annotation.ProxyTransactionManagementConfiguration' of type [org.springframework.transaction.annotation.ProxyTransactionManagementConfiguration] is not eligible for getting processed by all BeanPostProcessors (for example: not eligible for auto-proxying)
2020-02-04 11:10:34.140  INFO 5924 --- [main] o.s.b.w.embedded.tomcat.TomcatWebServer  : Tomcat initialized with port(s): 8080 (http)
2020-02-04 11:10:34.147  INFO 5924 --- [main] o.apache.catalina.core.StandardService   : Starting service [Tomcat]
2020-02-04 11:10:34.147  INFO 5924 --- [main] org.apache.catalina.core.StandardEngine  : Starting Servlet engine: [Apache Tomcat/9.0.29]
2020-02-04 11:10:34.220  INFO 5924 --- [main] o.a.c.c.C.[Tomcat].[localhost].[/]       : Initializing Spring embedded WebApplicationContext
2020-02-04 11:10:34.221  INFO 5924 --- [main] o.s.web.context.ContextLoader            : Root WebApplicationContext: initialization completed in 1405 ms
2020-02-04 11:10:34.426  INFO 5924 --- [main] o.hibernate.jpa.internal.util.LogHelper  : HHH000204: Processing PersistenceUnitInfo [name: default]
2020-02-04 11:10:34.538  INFO 5924 --- [main] org.hibernate.Version                    : HHH000412: Hibernate Core {5.4.9.Final}
2020-02-04 11:10:34.631  INFO 5924 --- [main] o.hibernate.annotations.common.Version   : HCANN000001: Hibernate Commons Annotations {5.1.0.Final}
2020-02-04 11:10:34.704  INFO 5924 --- [main] com.zaxxer.hikari.HikariDataSource       : HikariPool-1 - Starting...
2020-02-04 11:10:34.949  INFO 5924 --- [main] com.zaxxer.hikari.HikariDataSource       : HikariPool-1 - Start completed.
2020-02-04 11:10:34.960  INFO 5924 --- [main] org.hibernate.dialect.Dialect            : HHH000400: Using dialect: org.hibernate.dialect.MySQL5Dialect
2020-02-04 11:10:35.941  INFO 5924 --- [main] o.h.e.t.j.p.i.JtaPlatformInitiator       : HHH000490: Using JtaPlatform implementation: [org.hibernate.engine.transaction.jta.platform.internal.NoJtaPlatform]
2020-02-04 11:10:35.947  INFO 5924 --- [main] j.LocalContainerEntityManagerFactoryBean : Initialized JPA EntityManagerFactory for persistence unit 'default'
2020-02-04 11:10:36.437  WARN 5924 --- [main] JpaBaseConfiguration$JpaWebConfiguration : spring.jpa.open-in-view is enabled by default. Therefore, database queries may be performed during view rendering. Explicitly configure spring.jpa.open-in-view to disable this warning
2020-02-04 11:10:36.795  INFO 5924 --- [main] o.s.s.web.DefaultSecurityFilterChain     : Creating filter chain: any request, [org.springframework.security.web.context.request.async.WebAsyncManagerIntegrationFilter@6fced25c, org.springframework.security.web.context.SecurityContextPersistenceFilter@6c5ae8fd, org.springframework.security.web.header.HeaderWriterFilter@1eb906f3, org.springframework.security.web.authentication.logout.LogoutFilter@37bda983, com.bridgelabz.fundoonotes.filter.JwtFilter@6598caab, org.springframework.security.web.savedrequest.RequestCacheAwareFilter@1aed6f0b, org.springframework.security.web.servletapi.SecurityContextHolderAwareRequestFilter@7b3a6e95, org.springframework.security.web.authentication.AnonymousAuthenticationFilter@3cf4dec7, org.springframework.security.web.session.SessionManagementFilter@682266d8, org.springframework.security.web.access.ExceptionTranslationFilter@6caa4dc5, org.springframework.security.web.access.intercept.FilterSecurityInterceptor@4ad1a276]
2020-02-04 11:10:37.165  INFO 5924 --- [main] o.s.s.concurrent.ThreadPoolTaskExecutor  : Initializing ExecutorService 'applicationTaskExecutor'
2020-02-04 11:10:37.641  INFO 5924 --- [main] o.s.b.w.embedded.tomcat.TomcatWebServer  : Tomcat started on port(s): 8080 (http) with context path ''
2020-02-04 11:10:37.644  INFO 5924 --- [main] c.b.fundoonotes.FundoonotesApplication   : Started FundoonotesApplication in 5.208 seconds (JVM running for 5.612)
2020-02-04 11:24:02.666  INFO 5924 --- [http-nio-8080-exec-2] o.a.c.c.C.[Tomcat].[localhost].[/]       : Initializing Spring DispatcherServlet 'dispatcherServlet'
2020-02-04 11:24:02.666  INFO 5924 --- [http-nio-8080-exec-2] o.s.web.servlet.DispatcherServlet        : Initializing Servlet 'dispatcherServlet'
2020-02-04 11:24:02.676  INFO 5924 --- [http-nio-8080-exec-2] o.s.web.servlet.DispatcherServlet        : Completed initialization in 10 ms
2020-02-04 11:24:02.798  INFO 5924 --- [http-nio-8080-exec-2] c.bridgelabz.fundoonotes.aspects.Logger  : Before loginmethod of UserController
2020-02-04 11:24:02.803  INFO 5924 --- [http-nio-8080-exec-2] c.bridgelabz.fundoonotes.aspects.Logger  : Before login
2020-02-04 11:24:02.803  INFO 5924 --- [http-nio-8080-exec-2] c.bridgelabz.fundoonotes.aspects.Logger  : method invoked: login Logged-in user:LoginDTO [username=manusaini94, password=edsheeran123]
2020-02-04 11:24:02.807  INFO 5924 --- [http-nio-8080-exec-2] c.bridgelabz.fundoonotes.aspects.Logger  : Before findByUsernamemethod of UserRepository
2020-02-04 11:24:02.902  INFO 5924 --- [http-nio-8080-exec-2] c.bridgelabz.fundoonotes.aspects.Logger  : After findByUsername method of classUserRepository
2020-02-04 11:24:02.903  INFO 5924 --- [http-nio-8080-exec-2] c.bridgelabz.fundoonotes.aspects.Logger  : Before checkVerifiedmethod of Utility
2020-02-04 11:24:02.906  INFO 5924 --- [http-nio-8080-exec-2] c.bridgelabz.fundoonotes.aspects.Logger  : Before findByUsernamemethod of UserRepository
2020-02-04 11:24:02.910  INFO 5924 --- [http-nio-8080-exec-2] c.bridgelabz.fundoonotes.aspects.Logger  : After findByUsername method of classUserRepository
2020-02-04 11:24:02.910  INFO 5924 --- [http-nio-8080-exec-2] c.bridgelabz.fundoonotes.aspects.Logger  : After checkVerified method of classUtility
2020-02-04 11:24:02.911  INFO 5924 --- [http-nio-8080-exec-2] c.bridgelabz.fundoonotes.aspects.Logger  : Before generateTokenmethod of Utility
2020-02-04 11:24:03.395  INFO 5924 --- [http-nio-8080-exec-2] c.bridgelabz.fundoonotes.aspects.Logger  : After generateToken method of classUtility
2020-02-04 11:24:03.397  INFO 5924 --- [http-nio-8080-exec-2] c.bridgelabz.fundoonotes.aspects.Logger  : Login Executed
2020-02-04 11:24:03.397  INFO 5924 --- [http-nio-8080-exec-2] c.bridgelabz.fundoonotes.aspects.Logger  : After login method of classUserController
